<?xml version="1.0" encoding="UTF-8"?>
<!-- Generated by org.testng.reporters.JUnitReportReporter -->
<testsuite skipped="0" hostname="LAPTOP-R7S6QAUO" name="login.QACreateProject" tests="1" failures="0" timestamp="28 Mar 2018 08:30:56 GMT" time="8.632" errors="0">
  <testcase name="f" time="8.632" classname="login.QACreateProject"/>
</testsuite> <!-- login.QACreateProject -->
